PRT1
171
409
4 0 4 (2304 149 -266 ) (2304 16 -266 ) (2304 16 2003 ) (2304 149 2003 ) 
4 0 2 (2320 16 288 ) (2320 16 2003 ) (2304 16 2003 ) (2304 16 288 ) 
4 0 3 (2304 16 -266 ) (2320 16 -266 ) (2320 16 256 ) (2304 16 256 ) 
4 0 1 (2320 16 -266 ) (2447 16 -266 ) (2447 16 2003 ) (2320 16 2003 ) 
4 1 10 (2447 0 2003 ) (2320 0 2003 ) (2320 0 -266 ) (2447 0 -266 ) 
4 1 2 (2320 16 2003 ) (2320 16 288 ) (2320 0 288 ) (2320 0 2003 ) 
4 1 3 (2320 16 256 ) (2320 16 -266 ) (2320 0 -266 ) (2320 0 256 ) 
4 2 11 (2320 0 2003 ) (2304 0 2003 ) (2304 0 288 ) (2320 0 288 ) 
4 2 5 (2304 0 288 ) (2304 0 2003 ) (2304 16 2003 ) (2304 16 288 ) 
4 3 13 (2304 0 -16 ) (2304 0 -266 ) (2320 0 -266 ) (2320 0 -16 ) 
4 3 6 (2304 16 -266 ) (2304 0 -266 ) (2304 0 0 ) (2304 16 0 ) 
4 4 7 (2048 16 -266 ) (2048 16 2003 ) (2048 149 2003 ) (2048 149 -266 ) 
4 4 6 (2048 16 0 ) (2048 16 -266 ) (2304 16 -266 ) (2304 16 0 ) 
4 4 5 (2048 16 2003 ) (2048 16 288 ) (2304 16 288 ) (2304 16 2003 ) 
4 5 12 (2304 0 288 ) (2304 0 2003 ) (2048 0 2003 ) (2048 0 288 ) 
4 5 8 (2048 0 288 ) (2048 0 2003 ) (2048 16 2003 ) (2048 16 288 ) 
4 6 13 (2304 0 -266 ) (2304 0 -16 ) (2048 0 -16 ) (2048 0 -266 ) 
4 6 9 (2048 0 -266 ) (2048 0 0 ) (2048 16 0 ) (2048 16 -266 ) 
4 7 49 (1024 16 -266 ) (1024 16 2003 ) (1024 149 2003 ) (1024 149 -266 ) 
4 7 9 (2048 16 -266 ) (2048 16 0 ) (1024 16 0 ) (1024 16 -266 ) 
4 7 8 (2048 16 288 ) (2048 16 2003 ) (1024 16 2003 ) (1024 16 288 ) 
4 8 50 (1024 0 288 ) (1024 0 2003 ) (1024 16 2003 ) (1024 16 288 ) 
4 8 15 (1104 0 2003 ) (1024 0 2003 ) (1024 0 288 ) (1104 0 288 ) 
4 8 14 (2048 0 288 ) (2048 0 2003 ) (1104 0 2003 ) (1104 0 288 ) 
4 9 51 (1024 0 -266 ) (1024 0 0 ) (1024 16 0 ) (1024 16 -266 ) 
4 9 48 (2048 0 -266 ) (2048 0 -16 ) (1024 0 -16 ) (1024 0 -266 ) 
4 10 90 (2447 -1024 2003 ) (2320 -1024 2003 ) (2320 -1024 -266 ) (2447 -1024 -266 ) 
4 10 13 (2320 -1024 -266 ) (2320 -1024 -16 ) (2320 0 -16 ) (2320 0 -266 ) 
4 10 11 (2320 -1024 288 ) (2320 -1024 2003 ) (2320 0 2003 ) (2320 0 288 ) 
4 11 91 (2320 -1024 288 ) (2320 -1024 2003 ) (2304 -1024 2003 ) (2304 -1024 288 ) 
4 11 12 (2304 -1024 288 ) (2304 -1024 2003 ) (2304 0 2003 ) (2304 0 288 ) 
4 12 93 (2048 -1024 256 ) (2048 -1024 0 ) (2304 -1024 0 ) (2304 -1024 256 ) 
4 12 92 (2048 -1024 2003 ) (2048 -1024 256 ) (2304 -1024 256 ) (2304 -1024 2003 ) 
4 12 39 (2048 -976 0 ) (2048 -1024 0 ) (2048 -1024 138.856995 ) (2048 -976 138.856995 ) 
4 12 36 (2048 -880 0 ) (2048 -976 0 ) (2048 -976 138.856995 ) (2048 -880 138.856995 ) 
4 12 32 (2048 -760 0 ) (2048 -880 0 ) (2048 -880 138.856995 ) (2048 -760 138.856995 ) 
4 12 30 (2048 -592 0 ) (2048 -760 0 ) (2048 -760 138.856995 ) (2048 -592 138.856995 ) 
4 12 29 (2048 -476 0 ) (2048 -592 0 ) (2048 -592 138.856995 ) (2048 -476 138.856995 ) 
4 12 23 (2048 0 138.856995 ) (2048 0 0 ) (2048 -476 0 ) (2048 -476 138.856995 ) 
4 12 14 (2048 0 2003 ) (2048 0 138.856995 ) (2048 -1024 138.856995 ) (2048 -1024 2003 ) 
4 13 94 (2320 -1024 -266 ) (2320 -1024 -16 ) (2048 -1024 -16 ) (2048 -1024 -266 ) 
4 13 48 (2048 0 -16 ) (2048 0 -266 ) (2048 -1024 -266 ) (2048 -1024 -16 ) 
4 14 103 (2048 -1024 138.856995 ) (2048 -1024 256 ) (1104 -1024 256 ) (1104 -1024 138.856995 ) 
4 14 100 (2048 -1024 256 ) (2048 -1024 2003 ) (1104 -1024 2003 ) (1104 -1024 256 ) 
4 14 45 (1200 -1024 138.856995 ) (1104 -1024 138.856995 ) (1104 -784 138.856995 ) (1200 -784 138.856995 ) 
4 14 44 (1296 -1024 138.856995 ) (1200 -1024 138.856995 ) (1200 -592 138.856995 ) (1296 -592 138.856995 ) 
4 14 43 (1104 -592 138.856995 ) (1104 -496 138.856995 ) (1296 -496 138.856995 ) (1296 -592 138.856995 ) 
4 14 41 (1200 -192 138.856995 ) (1296 -192 138.856995 ) (1296 -304 138.856995 ) (1200 -304 138.856995 ) 
4 14 42 (1104 -400 138.856995 ) (1104 -192 138.856995 ) (1200 -192 138.856995 ) (1200 -400 138.856995 ) 
4 14 40 (1104 -96 138.856995 ) (1104 0 138.856995 ) (1200 0 138.856995 ) (1200 -96 138.856995 ) 
4 14 39 (2048 -1024 138.856995 ) (1712 -1024 138.856995 ) (1712 -976 138.856995 ) (2048 -976 138.856995 ) 
4 14 38 (1296 -592 138.856995 ) (1296 -476 138.856995 ) (1392 -476 138.856995 ) (1392 -592 138.856995 ) 
4 14 37 (1488 -688 138.856995 ) (1488 -976 138.856995 ) (1392 -976 138.856995 ) (1392 -688 138.856995 ) 
4 14 36 (2048 -880 138.856995 ) (2048 -976 138.856995 ) (1680 -976 138.856995 ) (1680 -880 138.856995 ) 
4 14 34 (1680 -880 138.856995 ) (1584 -880 138.856995 ) (1585.802490 -877.747009 138.856995 ) (1680 -877.747009 138.856995 ) 
4 14 33 (1776 -880 138.856995 ) (1680 -880 138.856995 ) (1680 -877.747009 138.856995 ) (1776 -877.747009 138.856995 ) 
4 14 32 (2048 -760 138.856995 ) (2048 -880 138.856995 ) (1776 -880 138.856995 ) (1776 -760 138.856995 ) 
4 14 31 (1584 -640 138.856995 ) (1584 -592 138.856995 ) (1680 -592 138.856995 ) (1680 -640 138.856995 ) 
4 14 30 (2048 -592 138.856995 ) (2048 -760 138.856995 ) (1680 -760 138.856995 ) (1680 -592 138.856995 ) 
4 14 35 (1584 -880 138.856995 ) (1488 -880 138.856995 ) (1488 -592 138.856995 ) (1584 -592 138.856995 ) 
4 14 29 (1680 -476 138.856995 ) (2048 -476 138.856995 ) (2048 -592 138.856995 ) (1680 -592 138.856995 ) 
4 14 28 (1296 -476 138.856995 ) (1296 -400 138.856995 ) (1392 -400 138.856995 ) (1392 -476 138.856995 ) 
4 14 26 (1392 0 138.856995 ) (1488 0 138.856995 ) (1488 -112 138.856995 ) (1392 -112 138.856995 ) 
4 14 27 (1296 -304 138.856995 ) (1296 0 138.856995 ) (1392 0 138.856995 ) (1392 -304 138.856995 ) 
4 14 24 (1680 -427 138.856995 ) (1680 -476 138.856995 ) (1584 -476 138.856995 ) (1584 -427 138.856995 ) 
4 14 23 (1680 0 138.856995 ) (2048 0 138.856995 ) (2048 -476 138.856995 ) (1680 -476 138.856995 ) 
4 14 25 (1488 0 138.856995 ) (1584 0 138.856995 ) (1584 -476 138.856995 ) (1488 -476 138.856995 ) 
4 14 21 (1104 -549 138.856995 ) (1104 -556 138.856995 ) (1104 -556 216 ) (1104 -549 216 ) 
4 14 22 (1104 -556 138.856995 ) (1104 -1024 138.856995 ) (1104 -1024 252 ) (1104 -556 252 ) 
4 14 19 (1104 -496 138.856995 ) (1104 -549 138.856995 ) (1104 -549 191 ) (1104 -496 191 ) 
4 14 17 (1104 -556 2003 ) (1104 -496 2003 ) (1104 -496 257 ) (1104 -556 257 ) 
4 14 18 (1104 -1024 252 ) (1104 -1024 2003 ) (1104 -556 2003 ) (1104 -556 252 ) 
4 14 16 (1104 0 138.856995 ) (1104 -400 138.856995 ) (1104 -400 257 ) (1104 0 257 ) 
4 14 15 (1104 -496 257 ) (1104 -496 2003 ) (1104 0 2003 ) (1104 0 257 ) 
4 15 52 (1024 0 2003 ) (1024 0 257 ) (1024 -496 257 ) (1024 -496 2003 ) 
4 15 17 (1024 -496 2003 ) (1024 -496 257 ) (1104 -496 257 ) (1104 -496 2003 ) 
4 15 16 (1024 -400 257 ) (1024 0 257 ) (1104 0 257 ) (1104 -400 257 ) 
4 16 53 (1024 0 257 ) (1024 0 138.856995 ) (1024 -400 138.856995 ) (1024 -400 257 ) 
4 16 46 (1024 -400 138.856995 ) (1024 0 138.856995 ) (1104 0 138.856995 ) (1104 -400 138.856995 ) 
4 17 54 (1024 -556 2003 ) (1024 -496 2003 ) (1024 -496 257 ) (1024 -556 257 ) 
4 17 18 (1104 -556 257 ) (1104 -556 2003 ) (1024 -556 2003 ) (1024 -556 257 ) 
4 18 103 (1024 -1024 256 ) (1024 -1024 252 ) (1104 -1024 252 ) (1104 -1024 256 ) 
4 18 100 (1024 -1024 2003 ) (1024 -1024 256 ) (1104 -1024 256 ) (1104 -1024 2003 ) 
4 18 55 (1024 -1024 252 ) (1024 -1024 2003 ) (1024 -556 2003 ) (1024 -556 252 ) 
4 18 22 (1104 -556 252 ) (1104 -1024 252 ) (1024 -1024 252 ) (1024 -556 252 ) 
4 19 47 (1099 -496 138.856995 ) (1104 -496 138.856995 ) (1104 -549 138.856995 ) (1099 -549 138.856995 ) 
4 19 21 (1099 -549 138.856995 ) (1104 -549 138.856995 ) (1104 -549 191 ) (1099 -549 191 ) 
4 19 20 (1099 -549 138.856995 ) (1099 -549 191 ) (1099 -496 191 ) (1099 -496 138.856995 ) 
4 20 56 (1024 -549 252 ) (1024 -496 252 ) (1024 -496 138.856995 ) (1024 -549 138.856995 ) 
4 20 47 (1024 -549 138.856995 ) (1024 -496 138.856995 ) (1099 -496 138.856995 ) (1099 -549 138.856995 ) 
4 20 21 (1024 -549 138.856995 ) (1099 -549 138.856995 ) (1099 -549 216 ) (1024 -549 216 ) 
4 21 58 (1024 -549 216 ) (1024 -549 138.856995 ) (1024 -556 138.856995 ) (1024 -556 216 ) 
4 21 47 (1024 -556 138.856995 ) (1024 -549 138.856995 ) (1104 -549 138.856995 ) (1104 -556 138.856995 ) 
4 21 22 (1024 -556 138.856995 ) (1104 -556 138.856995 ) (1104 -556 216 ) (1024 -556 216 ) 
4 22 103 (1024 -1024 252 ) (1024 -1024 138.856995 ) (1104 -1024 138.856995 ) (1104 -1024 252 ) 
4 22 59 (1024 -1024 138.856995 ) (1024 -1024 252 ) (1024 -556 252 ) (1024 -556 138.856995 ) 
4 22 47 (1024 -880 138.856995 ) (1024 -556 138.856995 ) (1104 -556 138.856995 ) (1104 -880 138.856995 ) 
4 23 29 (1680 -476 0 ) (2048 -476 0 ) (2048 -476 138.856995 ) (1680 -476 138.856995 ) 
4 23 24 (1680 -427 0 ) (1680 -476 0 ) (1680 -476 138.856995 ) (1680 -427 138.856995 ) 
4 24 25 (1584 -427 0 ) (1584 -476 0 ) (1584 -476 138.856995 ) (1584 -427 138.856995 ) 
4 25 26 (1488 0 0 ) (1488 -112 0 ) (1488 -112 138.856995 ) (1488 0 138.856995 ) 
4 26 27 (1392 0 0 ) (1392 -112 0 ) (1392 -112 138.856995 ) (1392 0 138.856995 ) 
4 27 41 (1296 -192 0 ) (1296 -304 0 ) (1296 -304 138.856995 ) (1296 -192 138.856995 ) 
4 28 38 (1296 -476 138.856995 ) (1296 -476 0 ) (1392 -476 0 ) (1392 -476 138.856995 ) 
4 29 30 (1680 -592 0 ) (2048 -592 0 ) (2048 -592 138.856995 ) (1680 -592 138.856995 ) 
4 30 32 (1776 -760 0 ) (2048 -760 0 ) (2048 -760 138.856995 ) (1776 -760 138.856995 ) 
4 30 31 (1680 -592 138.856995 ) (1680 -592 0 ) (1680 -640 0 ) (1680 -640 138.856995 ) 
4 31 35 (1584 -592 138.856995 ) (1584 -592 0 ) (1584 -640 0 ) (1584 -640 138.856995 ) 
4 32 36 (1776 -880 0 ) (2048 -880 0 ) (2048 -880 138.856995 ) (1776 -880 138.856995 ) 
4 32 33 (1776 -877.747009 0 ) (1776 -880 0 ) (1776 -880 138.856995 ) (1776 -877.747009 138.856995 ) 
4 33 36 (1680 -880 0 ) (1776 -880 0 ) (1776 -880 138.856995 ) (1680 -880 138.856995 ) 
4 33 34 (1680 -877.747009 0 ) (1680 -880 0 ) (1680 -880 138.856995 ) (1680 -877.747009 138.856995 ) 
4 35 37 (1488 -688 0 ) (1488 -880 0 ) (1488 -880 138.856995 ) (1488 -688 138.856995 ) 
4 36 39 (1712 -976 0 ) (2048 -976 0 ) (2048 -976 138.856995 ) (1712 -976 138.856995 ) 
4 38 43 (1296 -496 0 ) (1296 -592 0 ) (1296 -592 138.856995 ) (1296 -496 138.856995 ) 
4 39 105 (2048 -1024 0 ) (2048 -1024 138.856995 ) (1712 -1024 138.856995 ) (1712 -1024 0 ) 
4 40 46 (1104 0 0 ) (1104 -96 0 ) (1104 -96 138.856995 ) (1104 0 138.856995 ) 
4 41 42 (1200 -192 138.856995 ) (1200 -192 0 ) (1200 -304 0 ) (1200 -304 138.856995 ) 
4 42 46 (1104 -192 0 ) (1104 -400 0 ) (1104 -400 138.856995 ) (1104 -192 138.856995 ) 
4 43 47 (1104 -496 0 ) (1104 -592 0 ) (1104 -592 138.856995 ) (1104 -496 138.856995 ) 
4 43 44 (1200 -592 0 ) (1296 -592 0 ) (1296 -592 138.856995 ) (1200 -592 138.856995 ) 
4 44 106 (1296 -1024 138.856995 ) (1247 -1024 138.856995 ) (1247 -1024 0 ) (1296 -1024 0 ) 
4 44 45 (1200 -784 0 ) (1200 -1024 0 ) (1200 -1024 138.856995 ) (1200 -784 138.856995 ) 
4 45 47 (1104 -784 0 ) (1104 -880 0 ) (1104 -880 138.856995 ) (1104 -784 138.856995 ) 
4 46 61 (1024 -400 138.856995 ) (1024 0 138.856995 ) (1024 0 0 ) (1024 -400 0 ) 
4 47 77 (1024 -880 138.856995 ) (1024 -688 138.856995 ) (1024 -688 0 ) (1024 -880 0 ) 
4 47 76 (1024 -688 138.856995 ) (1024 -592 138.856995 ) (1024 -592 0 ) (1024 -688 0 ) 
4 47 71 (1024 -592 138.856995 ) (1024 -496 138.856995 ) (1024 -496 0 ) (1024 -592 0 ) 
4 48 132 (2048 -1024 -266 ) (2048 -1024 -16 ) (1024 -1024 -16 ) (1024 -1024 -266 ) 
4 48 82 (1024 -1024 -266 ) (1024 -1024 -16 ) (1024 0 -16 ) (1024 0 -266 ) 
4 49 83 (0 16 -266 ) (0 16 2003 ) (0 149 2003 ) (0 149 -266 ) 
4 49 51 (0 16 0 ) (0 16 -266 ) (1024 16 -266 ) (1024 16 0 ) 
4 49 50 (0 16 2003 ) (0 16 288 ) (1024 16 288 ) (1024 16 2003 ) 
4 50 84 (0 0 288 ) (0 0 2003 ) (0 16 2003 ) (0 16 288 ) 
4 50 60 (1008 0 2003 ) (0 0 2003 ) (0 0 288 ) (1008 0 288 ) 
4 50 52 (1024 0 288 ) (1024 0 2003 ) (1008 0 2003 ) (1008 0 288 ) 
4 51 85 (0 0 -266 ) (0 0 0 ) (0 16 0 ) (0 16 -266 ) 
4 51 82 (1024 0 -266 ) (1024 0 -16 ) (0 0 -16 ) (0 0 -266 ) 
4 52 60 (1008 0 2003 ) (1008 0 257 ) (1008 -496 257 ) (1008 -496 2003 ) 
4 52 54 (1008 -496 2003 ) (1008 -496 257 ) (1024 -496 257 ) (1024 -496 2003 ) 
4 52 53 (1008 -400 257 ) (1008 0 257 ) (1024 0 257 ) (1024 -400 257 ) 
4 53 61 (1024 0 138.856995 ) (1024 -400 138.856995 ) (1008 -400 138.856995 ) (1008 0 138.856995 ) 
4 53 60 (1008 0 257 ) (1008 0 138.856995 ) (1008 -400 138.856995 ) (1008 -400 257 ) 
4 54 60 (1008 -556 2003 ) (1008 -496 2003 ) (1008 -496 257 ) (1008 -556 257 ) 
4 54 55 (1024 -556 257 ) (1024 -556 2003 ) (1008 -556 2003 ) (1008 -556 257 ) 
4 55 139 (1024 -1024 252 ) (1024 -1024 256 ) (1008 -1024 256 ) (1008 -1024 252 ) 
4 55 136 (1024 -1024 256 ) (1024 -1024 2003 ) (1008 -1024 2003 ) (1008 -1024 256 ) 
4 55 60 (1008 -1024 252 ) (1008 -1024 2003 ) (1008 -556 2003 ) (1008 -556 252 ) 
4 55 59 (1024 -1024 252 ) (1008 -1024 252 ) (1008 -556 252 ) (1024 -556 252 ) 
4 56 71 (1024 -496 138.856995 ) (1024 -549 138.856995 ) (1013 -549 138.856995 ) (1013 -496 138.856995 ) 
4 56 58 (1013 -549 216 ) (1013 -549 138.856995 ) (1024 -549 138.856995 ) (1024 -549 216 ) 
4 56 57 (1013 -549 138.856995 ) (1013 -549 191 ) (1013 -496 191 ) (1013 -496 138.856995 ) 
4 57 71 (1013 -549 138.856995 ) (1008 -549 138.856995 ) (1008 -496 138.856995 ) (1013 -496 138.856995 ) 
4 57 60 (1008 -496 138.856995 ) (1008 -549 138.856995 ) (1008 -549 191 ) (1008 -496 191 ) 
4 57 58 (1008 -549 191 ) (1008 -549 138.856995 ) (1013 -549 138.856995 ) (1013 -549 191 ) 
4 58 71 (1024 -549 138.856995 ) (1024 -556 138.856995 ) (1008 -556 138.856995 ) (1008 -549 138.856995 ) 
4 58 60 (1008 -549 138.856995 ) (1008 -556 138.856995 ) (1008 -556 216 ) (1008 -549 216 ) 
4 58 59 (1008 -556 216 ) (1008 -556 138.856995 ) (1024 -556 138.856995 ) (1024 -556 216 ) 
4 59 139 (1024 -1024 138.856995 ) (1024 -1024 252 ) (1008 -1024 252 ) (1008 -1024 138.856995 ) 
4 59 77 (1024 -688 138.856995 ) (1024 -880 138.856995 ) (1008 -880 138.856995 ) (1008 -688 138.856995 ) 
4 59 76 (1024 -592 138.856995 ) (1024 -688 138.856995 ) (1008 -688 138.856995 ) (1008 -592 138.856995 ) 
4 59 71 (1024 -556 138.856995 ) (1024 -592 138.856995 ) (1008 -592 138.856995 ) (1008 -556 138.856995 ) 
4 59 60 (1008 -556 138.856995 ) (1008 -1024 138.856995 ) (1008 -1024 252 ) (1008 -556 252 ) 
4 60 139 (0 -1024 256 ) (0 -1024 138.856995 ) (1008 -1024 138.856995 ) (1008 -1024 256 ) 
4 60 136 (0 -1024 2003 ) (0 -1024 256 ) (1008 -1024 256 ) (1008 -1024 2003 ) 
4 60 87 (0 -1024 288 ) (0 -1024 2003 ) (0 0 2003 ) (0 0 288 ) 
4 60 81 (627 -1024 138.856995 ) (0 -1024 138.856995 ) (0 -976 138.856995 ) (627 -976 138.856995 ) 
4 60 80 (1008 -1024 138.856995 ) (912 -1024 138.856995 ) (912 -976 138.856995 ) (1008 -976 138.856995 ) 
4 60 79 (0 -976 138.856995 ) (0 -688 138.856995 ) (720 -688 138.856995 ) (720 -976 138.856995 ) 
4 60 78 (816 -688 138.856995 ) (1008 -688 138.856995 ) (1008 -976 138.856995 ) (816 -976 138.856995 ) 
4 60 76 (953 -592 138.856995 ) (1008 -592 138.856995 ) (1008 -688 138.856995 ) (953 -688 138.856995 ) 
4 60 74 (528 -496 138.856995 ) (624 -496 138.856995 ) (624 -592 138.856995 ) (528 -592 138.856995 ) 
4 60 75 (0 -592 138.856995 ) (0 -496 138.856995 ) (528 -496 138.856995 ) (528 -592 138.856995 ) 
4 60 72 (910 -496 138.856995 ) (953 -496 138.856995 ) (953 -544 138.856995 ) (910 -544 138.856995 ) 
4 60 71 (953 -496 138.856995 ) (1008 -496 138.856995 ) (1008 -592 138.856995 ) (953 -592 138.856995 ) 
4 60 73 (624 -496 138.856995 ) (910 -496 138.856995 ) (910 -592 138.856995 ) (624 -592 138.856995 ) 
4 60 69 (159 -210 138.856995 ) (226 -210 138.856995 ) (226 -306 138.856995 ) (159 -306 138.856995 ) 
4 60 68 (479 -210 138.856995 ) (528 -210 138.856995 ) (528 -306 138.856995 ) (479 -306 138.856995 ) 
4 60 67 (0 -210 138.856995 ) (0 -208 138.856995 ) (528 -208 138.856995 ) (528 -210 138.856995 ) 
4 60 70 (0 -496 138.856995 ) (0 -306 138.856995 ) (528 -306 138.856995 ) (528 -496 138.856995 ) 
4 60 65 (816 -400 138.856995 ) (624 -400 138.856995 ) (624 -336.333008 138.856995 ) (816 -336.333008 138.856995 ) 
4 60 66 (912 -400 138.856995 ) (912 -496 138.856995 ) (624 -496 138.856995 ) (624 -400 138.856995 ) 
4 60 64 (912 -208 138.856995 ) (1008 -208 138.856995 ) (1008 -304 138.856995 ) (912 -304 138.856995 ) 
4 60 62 (816 0 138.856995 ) (1008 0 138.856995 ) (1008 -208 138.856995 ) (816 -208 138.856995 ) 
4 60 63 (0 -208 138.856995 ) (0 0 138.856995 ) (720 0 138.856995 ) (720 -208 138.856995 ) 
4 61 64 (1008 -208 0 ) (1008 -304 0 ) (1008 -304 138.856995 ) (1008 -208 138.856995 ) 
4 61 62 (1008 0 0 ) (1008 -208 0 ) (1008 -208 138.856995 ) (1008 0 138.856995 ) 
4 62 64 (912 -208 0 ) (1008 -208 0 ) (1008 -208 138.856995 ) (912 -208 138.856995 ) 
4 63 67 (0 -208 0 ) (528 -208 0 ) (528 -208 138.856995 ) (0 -208 138.856995 ) 
4 65 66 (624 -400 138.856995 ) (624 -400 0 ) (816 -400 0 ) (816 -400 138.856995 ) 
4 66 72 (910 -496 0 ) (912 -496 0 ) (912 -496 138.856995 ) (910 -496 138.856995 ) 
4 66 73 (624 -496 0 ) (910 -496 0 ) (910 -496 138.856995 ) (624 -496 138.856995 ) 
4 67 69 (226 -210 107 ) (226 -210 138.856995 ) (159 -210 138.856995 ) (159 -210 107 ) 
4 67 68 (479 -210 0 ) (528 -210 0 ) (528 -210 138.856995 ) (479 -210 138.856995 ) 
4 68 70 (479 -306 0 ) (528 -306 0 ) (528 -306 138.856995 ) (479 -306 138.856995 ) 
4 69 70 (226 -306 107 ) (226 -306 138.856995 ) (159 -306 138.856995 ) (159 -306 107 ) 
4 70 75 (0 -496 0 ) (528 -496 0 ) (528 -496 138.856995 ) (0 -496 138.856995 ) 
4 71 76 (953 -592 0 ) (1024 -592 0 ) (1024 -592 138.856995 ) (953 -592 138.856995 ) 
4 71 72 (953 -496 138.856995 ) (953 -496 0 ) (953 -544 0 ) (953 -544 138.856995 ) 
4 72 73 (910 -496 138.856995 ) (910 -496 0 ) (910 -544 0 ) (910 -544 138.856995 ) 
4 73 74 (624 -496 138.856995 ) (624 -496 64 ) (624 -592 64 ) (624 -592 138.856995 ) 
4 74 75 (528 -496 138.856995 ) (528 -496 64 ) (528 -592 64 ) (528 -592 138.856995 ) 
4 76 77 (1008 -688 0 ) (1024 -688 0 ) (1024 -688 138.856995 ) (1008 -688 138.856995 ) 
4 76 78 (953 -688 0 ) (1008 -688 0 ) (1008 -688 138.856995 ) (953 -688 138.856995 ) 
4 77 78 (1008 -688 138.856995 ) (1008 -688 0 ) (1008 -880 0 ) (1008 -880 138.856995 ) 
4 78 80 (912 -976 0 ) (1008 -976 0 ) (1008 -976 138.856995 ) (912 -976 138.856995 ) 
4 79 81 (0 -976 0 ) (627 -976 0 ) (627 -976 138.856995 ) (0 -976 138.856995 ) 
4 81 145 (627 -1024 138.856995 ) (0 -1024 138.856995 ) (0 -1024 0 ) (627 -1024 0 ) 
4 82 162 (1024 -1024 -266 ) (1024 -1024 -16 ) (0 -1024 -16 ) (0 -1024 -266 ) 
4 82 88 (0 -1024 -266 ) (0 -1024 -16 ) (0 0 -16 ) (0 0 -266 ) 
4 83 84 (-16 16 2003 ) (-16 16 288 ) (0 16 288 ) (0 16 2003 ) 
4 83 85 (-16 16 256 ) (-16 16 -266 ) (0 16 -266 ) (0 16 256 ) 
4 83 86 (-16 149 2003 ) (-16 149 -266 ) (-16 16 -266 ) (-16 16 2003 ) 
4 84 87 (0 0 288 ) (0 0 2003 ) (-16 0 2003 ) (-16 0 288 ) 
4 84 86 (-16 0 288 ) (-16 0 2003 ) (-16 16 2003 ) (-16 16 288 ) 
4 85 88 (0 0 -266 ) (0 0 -16 ) (-16 0 -16 ) (-16 0 -266 ) 
4 85 86 (-16 16 -266 ) (-16 0 -266 ) (-16 0 256 ) (-16 16 256 ) 
4 86 89 (-16 0 2003 ) (-150 0 2003 ) (-150 0 -266 ) (-16 0 -266 ) 
4 87 164 (0 -1024 288 ) (0 -1024 2003 ) (-16 -1024 2003 ) (-16 -1024 288 ) 
4 87 89 (-16 -1024 288 ) (-16 -1024 2003 ) (-16 0 2003 ) (-16 0 288 ) 
4 88 166 (0 -1024 -266 ) (0 -1024 -16 ) (-16 -1024 -16 ) (-16 -1024 -266 ) 
4 88 89 (-16 -1024 -266 ) (-16 -1024 -16 ) (-16 0 -16 ) (-16 0 -266 ) 
4 89 168 (-16 -1024 -266 ) (-16 -1024 2003 ) (-150 -1024 2003 ) (-150 -1024 -266 ) 
4 90 97 (2320 -1984 256 ) (2320 -1984 -266 ) (2447 -1984 -266 ) (2447 -1984 256 ) 
4 90 95 (2447 -1984 2003 ) (2320 -1984 2003 ) (2320 -1984 256 ) (2447 -1984 256 ) 
4 90 94 (2320 -1984 -266 ) (2320 -1984 -16 ) (2320 -1024 -16 ) (2320 -1024 -266 ) 
4 90 91 (2320 -1984 288 ) (2320 -1984 2003 ) (2320 -1024 2003 ) (2320 -1024 288 ) 
4 91 96 (2320 -1984 288 ) (2320 -1984 2003 ) (2304 -1984 2003 ) (2304 -1984 288 ) 
4 91 92 (2304 -1984 288 ) (2304 -1984 2003 ) (2304 -1024 2003 ) (2304 -1024 288 ) 
4 92 100 (2048 -1984 256 ) (2048 -1984 2003 ) (2048 -1024 2003 ) (2048 -1024 256 ) 
4 92 96 (2304 -1984 2003 ) (2048 -1984 2003 ) (2048 -1984 288 ) (2304 -1984 288 ) 
4 92 93 (2048 -1024 256 ) (2304 -1024 256 ) (2304 -1984 256 ) (2048 -1984 256 ) 
4 93 126 (2048 -1984 0 ) (2048 -1984 138.856995 ) (2048 -1744 138.856995 ) (2048 -1744 0 ) 
4 93 125 (2048 -1744 138.856995 ) (2048 -1648 138.856995 ) (2048 -1648 0 ) (2048 -1744 0 ) 
4 93 118 (2048 -1648 138.856995 ) (2048 -1456 138.856995 ) (2048 -1456 0 ) (2048 -1648 0 ) 
4 93 116 (2048 -1456 138.856995 ) (2048 -1360 138.856995 ) (2048 -1360 0 ) (2048 -1456 0 ) 
4 93 105 (2048 -1360 138.856995 ) (2048 -1024 138.856995 ) (2048 -1024 0 ) (2048 -1360 0 ) 
4 93 103 (2048 -1984 138.856995 ) (2048 -1984 256 ) (2048 -1024 256 ) (2048 -1024 138.856995 ) 
4 94 132 (2048 -1984 -266 ) (2048 -1984 -16 ) (2048 -1024 -16 ) (2048 -1024 -266 ) 
4 94 98 (2304 -1984 -16 ) (2048 -1984 -16 ) (2048 -1984 -266 ) (2304 -1984 -266 ) 
4 94 97 (2320 -1984 -266 ) (2320 -1984 -16 ) (2304 -1984 -16 ) (2304 -1984 -266 ) 
4 95 99 (2447 -2000 2003 ) (2320 -2000 2003 ) (2320 -2000 256 ) (2447 -2000 256 ) 
4 95 97 (2447 -2000 256 ) (2320 -2000 256 ) (2320 -1984 256 ) (2447 -1984 256 ) 
4 95 96 (2320 -2000 288 ) (2320 -2000 2003 ) (2320 -1984 2003 ) (2320 -1984 288 ) 
4 96 101 (2048 -1984 2003 ) (2048 -1984 288 ) (2048 -2000 288 ) (2048 -2000 2003 ) 
4 96 99 (2320 -2000 2003 ) (2048 -2000 2003 ) (2048 -2000 288 ) (2320 -2000 288 ) 
4 97 99 (2304 -2000 -266 ) (2447 -2000 -266 ) (2447 -2000 256 ) (2304 -2000 256 ) 
4 97 98 (2304 -1984 -266 ) (2304 -2000 -266 ) (2304 -2000 0 ) (2304 -1984 0 ) 
4 98 133 (2048 -1984 0 ) (2048 -1984 -266 ) (2048 -2000 -266 ) (2048 -2000 0 ) 
4 98 99 (2048 -2000 -266 ) (2304 -2000 -266 ) (2304 -2000 0 ) (2048 -2000 0 ) 
4 99 134 (2447 -2048 2003 ) (2048 -2048 2003 ) (2048 -2048 -266 ) (2447 -2048 -266 ) 
4 99 133 (2048 -2048 -266 ) (2048 -2048 0 ) (2048 -2000 0 ) (2048 -2000 -266 ) 
4 99 131 (2048 -2048 0 ) (2048 -2048 138.856995 ) (2048 -2000 138.856995 ) (2048 -2000 0 ) 
4 99 104 (2048 -2048 138.856995 ) (2048 -2048 256 ) (2048 -2000 256 ) (2048 -2000 138.856995 ) 
4 99 102 (2048 -2048 256 ) (2048 -2048 2003 ) (2048 -2000 2003 ) (2048 -2000 256 ) 
4 100 136 (1024 -1024 2003 ) (1024 -1024 256 ) (1024 -1984 256 ) (1024 -1984 2003 ) 
4 100 103 (1024 -1984 256 ) (1024 -1024 256 ) (2048 -1024 256 ) (2048 -1984 256 ) 
4 100 101 (2048 -1984 288 ) (2048 -1984 2003 ) (1024 -1984 2003 ) (1024 -1984 288 ) 
4 101 137 (1024 -2000 288 ) (1024 -2000 2003 ) (1024 -1984 2003 ) (1024 -1984 288 ) 
4 101 102 (2048 -2000 288 ) (2048 -2000 2003 ) (1024 -2000 2003 ) (1024 -2000 288 ) 
4 102 138 (1024 -2000 256 ) (1024 -2048 256 ) (1024 -2048 2003 ) (1024 -2000 2003 ) 
4 102 135 (2048 -2048 256 ) (2048 -2048 2003 ) (1024 -2048 2003 ) (1024 -2048 256 ) 
4 102 104 (1024 -2048 256 ) (1024 -2000 256 ) (2048 -2000 256 ) (2048 -2048 256 ) 
4 103 139 (1024 -1024 256 ) (1024 -1024 138.856995 ) (1024 -1984 138.856995 ) (1024 -1984 256 ) 
4 103 130 (1024 -1744 138.856995 ) (1024 -1648 138.856995 ) (1104 -1648 138.856995 ) (1104 -1744 138.856995 ) 
4 103 129 (1104 -1648 138.856995 ) (1232 -1648 138.856995 ) (1232 -1984 138.856995 ) (1104 -1984 138.856995 ) 
4 103 128 (1352.500000 -1984 138.856995 ) (1232 -1984 138.856995 ) (1232 -1840 138.856995 ) (1352.500000 -1840 138.856995 ) 
4 103 126 (2048 -1744 138.856995 ) (2048 -1984 138.856995 ) (1712 -1984 138.856995 ) (1712 -1744 138.856995 ) 
4 103 127 (1520 -1984 138.856995 ) (1352.500000 -1984 138.856995 ) (1352.500000 -1744 138.856995 ) (1520 -1744 138.856995 ) 
4 103 125 (1714 -1648 138.856995 ) (2048 -1648 138.856995 ) (2048 -1744 138.856995 ) (1714 -1744 138.856995 ) 
4 103 124 (1024 -1471 138.856995 ) (1024 -1407 138.856995 ) (1102 -1407 138.856995 ) (1102 -1471 138.856995 ) 
4 103 123 (1102 -1360 138.856995 ) (1134.500000 -1360 138.856995 ) (1134.500000 -1471 138.856995 ) (1102 -1471 138.856995 ) 
4 103 121 (1134.500000 -1471 138.856995 ) (1134.500000 -1456 138.856995 ) (1261 -1456 138.856995 ) (1261 -1471 138.856995 ) 
4 103 122 (1261 -1648 138.856995 ) (1134.500000 -1648 138.856995 ) (1134.500000 -1559.500000 138.856995 ) (1261 -1559.500000 138.856995 ) 
4 103 120 (1520 -1648 138.856995 ) (1261 -1648 138.856995 ) (1261 -1456 138.856995 ) (1520 -1456 138.856995 ) 
4 103 119 (1616 -1552 138.856995 ) (1616 -1456 138.856995 ) (1712 -1456 138.856995 ) (1712 -1552 138.856995 ) 
4 103 118 (2048 -1456 138.856995 ) (2048 -1648 138.856995 ) (1712 -1648 138.856995 ) (1712 -1456 138.856995 ) 
4 103 116 (1616 -1360 138.856995 ) (2048 -1360 138.856995 ) (2048 -1456 138.856995 ) (1616 -1456 138.856995 ) 
4 103 117 (1134.500000 -1360 138.856995 ) (1424 -1360 138.856995 ) (1424 -1456 138.856995 ) (1134.500000 -1456 138.856995 ) 
4 103 115 (1024 -1311 138.856995 ) (1024 -1168 138.856995 ) (1102 -1168 138.856995 ) (1102 -1311 138.856995 ) 
4 103 114 (1520 -1262 138.856995 ) (1520 -1360 138.856995 ) (1425 -1360 138.856995 ) (1425 -1262 138.856995 ) 
4 103 112 (1200 -1168 138.856995 ) (1520 -1168 138.856995 ) (1520 -1262 138.856995 ) (1200 -1262 138.856995 ) 
4 103 113 (1102 -1168 138.856995 ) (1104 -1168 138.856995 ) (1104 -1262 138.856995 ) (1102 -1262 138.856995 ) 
4 103 111 (1520 -1168 138.856995 ) (1616 -1168 138.856995 ) (1616 -1240.500000 138.856995 ) (1520 -1240.500000 138.856995 ) 
4 103 110 (1024 -1168 138.856995 ) (1024 -1120 138.856995 ) (1247 -1120 138.856995 ) (1247 -1168 138.856995 ) 
4 103 108 (1488 -1072 138.856995 ) (1616 -1072 138.856995 ) (1616 -1168 138.856995 ) (1488 -1168 138.856995 ) 
4 103 109 (1247 -1072 138.856995 ) (1392 -1072 138.856995 ) (1392 -1168 138.856995 ) (1247 -1168 138.856995 ) 
4 103 107 (1616 -1072 138.856995 ) (1712 -1072 138.856995 ) (1712 -1121 138.856995 ) (1616 -1121 138.856995 ) 
4 103 106 (1247 -1024 138.856995 ) (1296 -1024 138.856995 ) (1296 -1072 138.856995 ) (1247 -1072 138.856995 ) 
4 103 105 (1712 -1024 138.856995 ) (2048 -1024 138.856995 ) (2048 -1360 138.856995 ) (1712 -1360 138.856995 ) 
4 104 140 (1024 -2000 138.856995 ) (1024 -2048 138.856995 ) (1024 -2048 256 ) (1024 -2000 256 ) 
4 104 135 (2048 -2048 138.856995 ) (2048 -2048 256 ) (1024 -2048 256 ) (1024 -2048 138.856995 ) 
4 104 131 (2048 -2048 138.856995 ) (1024 -2048 138.856995 ) (1024 -2000 138.856995 ) (2048 -2000 138.856995 ) 
4 105 116 (1712 -1360 0 ) (2048 -1360 0 ) (2048 -1360 138.856995 ) (1712 -1360 138.856995 ) 
4 105 107 (1712 -1072 0 ) (1712 -1121 0 ) (1712 -1121 138.856995 ) (1712 -1072 138.856995 ) 
4 106 109 (1247 -1072 0 ) (1296 -1072 0 ) (1296 -1072 138.856995 ) (1247 -1072 138.856995 ) 
4 107 108 (1616 -1072 138.856995 ) (1616 -1072 0 ) (1616 -1121 0 ) (1616 -1121 138.856995 ) 
4 108 112 (1488 -1168 0 ) (1520 -1168 0 ) (1520 -1168 138.856995 ) (1488 -1168 138.856995 ) 
4 108 111 (1520 -1168 0 ) (1616 -1168 0 ) (1616 -1168 138.856995 ) (1520 -1168 138.856995 ) 
4 109 112 (1247 -1168 0 ) (1392 -1168 0 ) (1392 -1168 138.856995 ) (1247 -1168 138.856995 ) 
4 109 110 (1247 -1120 0 ) (1247 -1168 0 ) (1247 -1168 138.856995 ) (1247 -1120 138.856995 ) 
4 110 141 (1024 -1120 0 ) (1024 -1168 0 ) (1024 -1168 138.856995 ) (1024 -1120 138.856995 ) 
4 110 115 (1024 -1168 0 ) (1102 -1168 0 ) (1102 -1168 138.856995 ) (1024 -1168 138.856995 ) 
4 110 112 (1200 -1168 0 ) (1247 -1168 0 ) (1247 -1168 138.856995 ) (1200 -1168 138.856995 ) 
4 110 113 (1102 -1168 0 ) (1104 -1168 0 ) (1104 -1168 138.856995 ) (1102 -1168 138.856995 ) 
4 111 112 (1520 -1168 138.856995 ) (1520 -1168 0 ) (1520 -1240.500000 0 ) (1520 -1240.500000 138.856995 ) 
4 112 114 (1425 -1262 0 ) (1520 -1262 0 ) (1520 -1262 138.856995 ) (1425 -1262 138.856995 ) 
4 113 115 (1102 -1168 138.856995 ) (1102 -1168 0 ) (1102 -1262 0 ) (1102 -1262 138.856995 ) 
4 115 141 (1024 -1168 0 ) (1024 -1311 0 ) (1024 -1311 138.856995 ) (1024 -1168 138.856995 ) 
4 116 119 (1616 -1456 0 ) (1712 -1456 0 ) (1712 -1456 138.856995 ) (1616 -1456 138.856995 ) 
4 116 118 (1712 -1456 0 ) (2048 -1456 0 ) (2048 -1456 138.856995 ) (1712 -1456 138.856995 ) 
4 117 123 (1134.500000 -1360 138.856995 ) (1134.500000 -1360 0 ) (1134.500000 -1456 0 ) (1134.500000 -1456 138.856995 ) 
4 117 121 (1134.500000 -1456 138.856995 ) (1134.500000 -1456 0 ) (1261 -1456 0 ) (1261 -1456 138.856995 ) 
4 117 120 (1261 -1456 0 ) (1424 -1456 0 ) (1424 -1456 138.856995 ) (1261 -1456 138.856995 ) 
4 118 125 (1714 -1648 0 ) (2048 -1648 0 ) (2048 -1648 138.856995 ) (1714 -1648 138.856995 ) 
4 118 119 (1712 -1456 138.856995 ) (1712 -1456 0 ) (1712 -1552 0 ) (1712 -1552 138.856995 ) 
4 120 121 (1261 -1456 138.856995 ) (1261 -1456 0 ) (1261 -1471 0 ) (1261 -1471 138.856995 ) 
4 120 122 (1261 -1559.500000 0 ) (1261 -1648 0 ) (1261 -1648 138.856995 ) (1261 -1559.500000 138.856995 ) 
4 121 123 (1134.500000 -1456 0 ) (1134.500000 -1471 0 ) (1134.500000 -1471 138.856995 ) (1134.500000 -1456 138.856995 ) 
4 122 129 (1134.500000 -1648 0 ) (1232 -1648 0 ) (1232 -1648 138.856995 ) (1134.500000 -1648 138.856995 ) 
4 123 124 (1102 -1407 0 ) (1102 -1471 0 ) (1102 -1471 138.856995 ) (1102 -1407 138.856995 ) 
4 124 148 (1024 -1407 0 ) (1024 -1471 0 ) (1024 -1471 138.856995 ) (1024 -1407 138.856995 ) 
4 125 126 (1714 -1744 0 ) (2048 -1744 0 ) (2048 -1744 138.856995 ) (1714 -1744 138.856995 ) 
4 127 128 (1352.500000 -1840 0 ) (1352.500000 -1984 0 ) (1352.500000 -1984 138.856995 ) (1352.500000 -1840 138.856995 ) 
4 128 129 (1232 -1840 0 ) (1232 -1984 0 ) (1232 -1984 138.856995 ) (1232 -1840 138.856995 ) 
4 129 130 (1104 -1648 138.856995 ) (1104 -1648 0 ) (1104 -1744 0 ) (1104 -1744 138.856995 ) 
4 130 149 (1024 -1648 0 ) (1024 -1744 0 ) (1024 -1744 138.856995 ) (1024 -1648 138.856995 ) 
4 131 161 (1024 -2000 0 ) (1024 -2048 0 ) (1024 -2048 138.856995 ) (1024 -2000 138.856995 ) 
4 131 135 (2048 -2048 0 ) (2048 -2048 138.856995 ) (1024 -2048 138.856995 ) (1024 -2048 0 ) 
4 131 133 (1024 -2048 0 ) (1024 -2000 0 ) (2048 -2000 0 ) (2048 -2048 0 ) 
4 132 162 (1024 -1024 -16 ) (1024 -1024 -266 ) (1024 -1984 -266 ) (1024 -1984 -16 ) 
4 132 133 (1024 -1984 -266 ) (2048 -1984 -266 ) (2048 -1984 -16 ) (1024 -1984 -16 ) 
4 133 163 (1024 -1984 -266 ) (1024 -2048 -266 ) (1024 -2048 0 ) (1024 -1984 0 ) 
4 133 135 (2048 -2048 -266 ) (2048 -2048 0 ) (1024 -2048 0 ) (1024 -2048 -266 ) 
4 134 135 (2048 -2048 2003 ) (2048 -2048 -266 ) (2048 -2095 -266 ) (2048 -2095 2003 ) 
4 135 169 (1024 -2095 2003 ) (1024 -2048 2003 ) (1024 -2048 -266 ) (1024 -2095 -266 ) 
4 136 164 (0 -1024 2003 ) (0 -1024 288 ) (0 -1984 288 ) (0 -1984 2003 ) 
4 136 139 (0 -1984 256 ) (0 -1024 256 ) (1024 -1024 256 ) (1024 -1984 256 ) 
4 136 137 (1024 -1984 288 ) (1024 -1984 2003 ) (0 -1984 2003 ) (0 -1984 288 ) 
4 137 164 (0 -2000 288 ) (0 -2000 2003 ) (0 -1984 2003 ) (0 -1984 288 ) 
4 137 138 (1024 -2000 288 ) (1024 -2000 2003 ) (0 -2000 2003 ) (0 -2000 288 ) 
4 138 169 (1024 -2048 256 ) (1024 -2048 2003 ) (0 -2048 2003 ) (0 -2048 256 ) 
4 138 165 (0 -2000 256 ) (0 -2048 256 ) (0 -2048 288 ) (0 -2000 288 ) 
4 138 164 (0 -2048 288 ) (0 -2048 2003 ) (0 -2000 2003 ) (0 -2000 288 ) 
4 138 140 (1024 -2048 256 ) (0 -2048 256 ) (0 -2000 256 ) (1024 -2000 256 ) 
4 139 159 (528 -1744 138.856995 ) (624 -1744 138.856995 ) (624 -1792 138.856995 ) (528 -1792 138.856995 ) 
4 139 160 (0 -1984 138.856995 ) (0 -1744 138.856995 ) (528 -1744 138.856995 ) (528 -1984 138.856995 ) 
4 139 157 (975.333008 -1864 138.856995 ) (975.333008 -1984 138.856995 ) (718 -1984 138.856995 ) (718 -1864 138.856995 ) 
4 139 158 (624 -1744 138.856995 ) (718 -1744 138.856995 ) (718 -1984 138.856995 ) (624 -1984 138.856995 ) 
4 139 155 (624 -1647.329834 138.856995 ) (624 -1648 138.856995 ) (528 -1744 138.856995 ) (528 -1743 138.856995 ) 
4 139 154 (528 -1407 138.856995 ) (624 -1407 138.856995 ) (624 -1456 138.856995 ) (528 -1456 138.856995 ) 
4 139 153 (910 -1648 138.856995 ) (910 -1744 138.856995 ) (720 -1744 138.856995 ) (720 -1648 138.856995 ) 
4 139 151 (910 -1503 138.856995 ) (910 -1648 138.856995 ) (718 -1648 138.856995 ) (718 -1503 138.856995 ) 
4 139 152 (624 -1407 138.856995 ) (718 -1407 138.856995 ) (718 -1648 138.856995 ) (624 -1648 138.856995 ) 
4 139 156 (0 -1744 138.856995 ) (0 -1407 138.856995 ) (528 -1407 138.856995 ) (528 -1744 138.856995 ) 
4 139 148 (1008 -1407 138.856995 ) (1024 -1407 138.856995 ) (1024 -1471 138.856995 ) (1008 -1471 138.856995 ) 
4 139 149 (1024 -1648 138.856995 ) (1024 -1744 138.856995 ) (1008 -1744 138.856995 ) (1008 -1648 138.856995 ) 
4 139 150 (910 -1407 138.856995 ) (1008 -1407 138.856995 ) (1008 -1744 138.856995 ) (910 -1744 138.856995 ) 
4 139 146 (528 -1121 138.856995 ) (624 -1121 138.856995 ) (624 -1236.479980 138.856995 ) (528 -1236.479980 138.856995 ) 
4 139 147 (0 -1407 138.856995 ) (0 -1121 138.856995 ) (528 -1121 138.856995 ) (528 -1407 138.856995 ) 
4 139 144 (720 -1073 138.856995 ) (720 -1121 138.856995 ) (627 -1121 138.856995 ) (627 -1073 138.856995 ) 
4 139 145 (0 -1121 138.856995 ) (0 -1024 138.856995 ) (627 -1024 138.856995 ) (627 -1121 138.856995 ) 
4 139 143 (814 -1407 138.856995 ) (720 -1407 138.856995 ) (720 -1311 138.856995 ) (814 -1311 138.856995 ) 
4 139 142 (912 -1073 138.856995 ) (912 -1311 138.856995 ) (720 -1311 138.856995 ) (720 -1073 138.856995 ) 
4 139 141 (1024 -1120 138.856995 ) (1024 -1311 138.856995 ) (912 -1311 138.856995 ) (912 -1120 138.856995 ) 
4 140 169 (1024 -2048 138.856995 ) (1024 -2048 256 ) (0 -2048 256 ) (0 -2048 138.856995 ) 
4 140 167 (0 -2000 138.856995 ) (0 -2048 138.856995 ) (0 -2048 256 ) (0 -2000 256 ) 
4 140 161 (0 -2048 138.856995 ) (0 -2000 138.856995 ) (1024 -2000 138.856995 ) (1024 -2048 138.856995 ) 
4 141 142 (912 -1120 0 ) (912 -1311 0 ) (912 -1311 138.856995 ) (912 -1120 138.856995 ) 
4 142 144 (720 -1073 0 ) (720 -1121 0 ) (720 -1121 138.856995 ) (720 -1073 138.856995 ) 
4 142 143 (720 -1311 138.856995 ) (720 -1311 0 ) (814 -1311 0 ) (814 -1311 138.856995 ) 
4 144 145 (627 -1073 0 ) (627 -1121 0 ) (627 -1121 138.856995 ) (627 -1073 138.856995 ) 
4 145 146 (528 -1121 0 ) (624 -1121 0 ) (624 -1121 138.856995 ) (528 -1121 138.856995 ) 
4 145 147 (0 -1121 0 ) (528 -1121 0 ) (528 -1121 138.856995 ) (0 -1121 138.856995 ) 
4 146 147 (528 -1121 138.856995 ) (528 -1121 0 ) (528 -1236.479980 0 ) (528 -1236.479980 138.856995 ) 
4 147 156 (0 -1407 0 ) (528 -1407 0 ) (528 -1407 138.856995 ) (0 -1407 138.856995 ) 
4 148 150 (1008 -1407 138.856995 ) (1008 -1407 0 ) (1008 -1471 0 ) (1008 -1471 138.856995 ) 
4 149 150 (1008 -1648 0 ) (1008 -1744 0 ) (1008 -1744 138.856995 ) (1008 -1648 138.856995 ) 
4 150 153 (910 -1648 0 ) (910 -1744 0 ) (910 -1744 138.856995 ) (910 -1648 138.856995 ) 
4 150 151 (910 -1503 0 ) (910 -1648 0 ) (910 -1648 138.856995 ) (910 -1503 138.856995 ) 
4 151 153 (720 -1648 0 ) (910 -1648 0 ) (910 -1648 138.856995 ) (720 -1648 138.856995 ) 
4 151 152 (718 -1503 0 ) (718 -1648 0 ) (718 -1648 138.856995 ) (718 -1503 138.856995 ) 
4 152 155 (624 -1647.329956 0 ) (624 -1648 0 ) (624 -1648 138.856995 ) (624 -1647.329956 138.856995 ) 
4 152 154 (624 -1407 138.856995 ) (624 -1407 0 ) (624 -1456 0 ) (624 -1456 138.856995 ) 
4 154 156 (528 -1407 138.856995 ) (528 -1407 0 ) (528 -1456 0 ) (528 -1456 138.856995 ) 
4 155 156 (528 -1743 0 ) (528 -1744 0 ) (528 -1744 138.856995 ) (528 -1743 138.856995 ) 
4 156 160 (0 -1744 0 ) (528 -1744 0 ) (528 -1744 138.856995 ) (0 -1744 138.856995 ) 
4 157 158 (718 -1864 0 ) (718 -1984 0 ) (718 -1984 138.856995 ) (718 -1864 138.856995 ) 
4 158 159 (624 -1744 138.856995 ) (624 -1744 0 ) (624 -1792 0 ) (624 -1792 138.856995 ) 
4 159 160 (528 -1744 138.856995 ) (528 -1744 0 ) (528 -1792 0 ) (528 -1792 138.856995 ) 
4 161 169 (1024 -2048 0 ) (1024 -2048 138.856995 ) (0 -2048 138.856995 ) (0 -2048 0 ) 
4 161 167 (0 -2000 0 ) (0 -2048 0 ) (0 -2048 138.856995 ) (0 -2000 138.856995 ) 
4 161 163 (1024 -2048 0 ) (0 -2048 0 ) (0 -2000 0 ) (1024 -2000 0 ) 
4 162 166 (0 -1024 -16 ) (0 -1024 -266 ) (0 -1984 -266 ) (0 -1984 -16 ) 
4 162 163 (0 -1984 -266 ) (1024 -1984 -266 ) (1024 -1984 -16 ) (0 -1984 -16 ) 
4 163 169 (1024 -2048 -266 ) (1024 -2048 0 ) (0 -2048 0 ) (0 -2048 -266 ) 
4 163 167 (0 -1984 -266 ) (0 -2048 -266 ) (0 -2048 0 ) (0 -1984 0 ) 
4 164 170 (0 -2048 288 ) (0 -2048 2003 ) (-16 -2048 2003 ) (-16 -2048 288 ) 
4 164 168 (-16 -1024 2003 ) (-16 -1024 288 ) (-16 -2048 288 ) (-16 -2048 2003 ) 
4 164 165 (0 -2048 288 ) (-16 -2048 288 ) (-16 -2000 288 ) (0 -2000 288 ) 
4 165 170 (0 -2048 256 ) (0 -2048 288 ) (-16 -2048 288 ) (-16 -2048 256 ) 
4 165 168 (-16 -2000 256 ) (-16 -2048 256 ) (-16 -2048 288 ) (-16 -2000 288 ) 
4 165 167 (-16 -2048 256 ) (-16 -2000 256 ) (0 -2000 256 ) (0 -2048 256 ) 
4 166 168 (-16 -1024 -16 ) (-16 -1024 -266 ) (-16 -1984 -266 ) (-16 -1984 -16 ) 
4 166 167 (-16 -1984 -16 ) (-16 -1984 -266 ) (0 -1984 -266 ) (0 -1984 -16 ) 
4 167 170 (0 -2048 -266 ) (0 -2048 256 ) (-16 -2048 256 ) (-16 -2048 -266 ) 
4 167 168 (-16 -2048 -266 ) (-16 -2048 256 ) (-16 -1984 256 ) (-16 -1984 -266 ) 
4 168 170 (-16 -2048 -266 ) (-16 -2048 2003 ) (-150 -2048 2003 ) (-150 -2048 -266 ) 
4 169 170 (0 -2048 2003 ) (0 -2048 -266 ) (0 -2095 -266 ) (0 -2095 2003 ) 
